2019-07-11 06:59:45 INFO  ObjectRepository:26 - ---INFO--- ======Started populating element collection map======
2019-07-11 06:59:45 INFO  ObjectRepository:26 - ---INFO--- ======Time taken to populate object repository in millis is 240======
2019-07-11 06:59:45 INFO  ObjectRepository:26 - ---INFO--- ======Number of object in Object Map is 49======
2019-07-11 06:59:46 INFO  TestDriver:43 - *********EXECUTION STARTED**********


2019-07-11 06:59:47 ERROR TestDriver:93 - Exception java.io.FileNotFoundException caught while fetching test cases from module sheets
java.io.FileNotFoundException: Framework\Test_Data\Create a Event.xlsx (The system cannot find the file specified)
	at java.io.FileInputStream.open0(Native Method)
	at java.io.FileInputStream.open(FileInputStream.java:195)
	at java.io.FileInputStream.<init>(FileInputStream.java:138)
	at com.birlasoft.testautomation.utils.ExcelObject.<init>(ExcelObject.java:47)
	at com.birlasoft.testautomation.framework.TestScript.getRecordsFromDataSheet(TestScript.java:286)
	at com.birlasoft.testautomation.framework.TestScript.<init>(TestScript.java:65)
	at com.birlasoft.testautomation.framework.TestSuite.<init>(TestSuite.java:38)
	at com.sompo.testautomation.framework.driver.TestDriver.getTestObject(TestDriver.java:82)
	at sun.reflect.NativeMethodAccessorImpl.invoke0(Native Method)
	at sun.reflect.NativeMethodAccessorImpl.invoke(NativeMethodAccessorImpl.java:62)
	at sun.reflect.DelegatingMethodAccessorImpl.invoke(DelegatingMethodAccessorImpl.java:43)
	at java.lang.reflect.Method.invoke(Method.java:498)
	at org.testng.internal.MethodInvocationHelper.invokeMethod(MethodInvocationHelper.java:124)
	at org.testng.internal.MethodInvocationHelper.invokeMethod(MethodInvocationHelper.java:74)
	at org.testng.internal.MethodInvocationHelper.invokeMethodNoCheckedException(MethodInvocationHelper.java:45)
	at org.testng.internal.MethodInvocationHelper.invokeDataProvider(MethodInvocationHelper.java:131)
	at org.testng.internal.Parameters.handleParameters(Parameters.java:706)
	at org.testng.internal.ParameterHandler.handleParameters(ParameterHandler.java:49)
	at org.testng.internal.ParameterHandler.createParameters(ParameterHandler.java:37)
	at org.testng.internal.Invoker.invokeTestMethods(Invoker.java:924)
	at org.testng.internal.TestMethodWorker.invokeTestMethods(TestMethodWorker.java:125)
	at org.testng.internal.TestMethodWorker.run(TestMethodWorker.java:109)
	at org.testng.TestRunner.privateRun(TestRunner.java:648)
	at org.testng.TestRunner.run(TestRunner.java:505)
	at org.testng.SuiteRunner.runTest(SuiteRunner.java:455)
	at org.testng.SuiteRunner.runSequentially(SuiteRunner.java:450)
	at org.testng.SuiteRunner.privateRun(SuiteRunner.java:415)
	at org.testng.SuiteRunner.run(SuiteRunner.java:364)
	at org.testng.SuiteRunnerWorker.runSuite(SuiteRunnerWorker.java:52)
	at org.testng.SuiteRunnerWorker.run(SuiteRunnerWorker.java:84)
	at org.testng.TestNG.runSuitesSequentially(TestNG.java:1208)
	at org.testng.TestNG.runSuitesLocally(TestNG.java:1137)
	at org.testng.TestNG.runSuites(TestNG.java:1049)
	at org.testng.TestNG.run(TestNG.java:1017)
	at org.testng.remote.AbstractRemoteTestNG.run(AbstractRemoteTestNG.java:115)
	at org.testng.remote.RemoteTestNG.initAndRun(RemoteTestNG.java:251)
	at org.testng.remote.RemoteTestNG.main(RemoteTestNG.java:77)
2019-07-11 06:59:47 INFO  TestDriver:101 - All tests get executed
2019-07-11 06:59:47 INFO  TestDriver:103 - Total test cases executed:1
2019-07-11 06:59:47 INFO  TestDriver:104 - Total passed test cases:0
2019-07-11 06:59:47 INFO  TestDriver:105 - Total failed test cases:0
2019-07-11 06:59:47 INFO  TestDriver:106 - 

*********EXECUTION STOPPED**********
2019-07-11 07:05:45 INFO  ObjectRepository:26 - ---INFO--- ======Started populating element collection map======
2019-07-11 07:05:45 INFO  ObjectRepository:26 - ---INFO--- ======Time taken to populate object repository in millis is 209======
2019-07-11 07:05:45 INFO  ObjectRepository:26 - ---INFO--- ======Number of object in Object Map is 49======
2019-07-11 07:05:45 INFO  TestDriver:43 - *********EXECUTION STARTED**********


2019-07-11 07:05:46 ERROR TestDriver:93 - Exception java.io.FileNotFoundException caught while fetching test cases from module sheets
java.io.FileNotFoundException: Framework\Test_Data\Create a Event.xlsx (The system cannot find the file specified)
	at java.io.FileInputStream.open0(Native Method)
	at java.io.FileInputStream.open(FileInputStream.java:195)
	at java.io.FileInputStream.<init>(FileInputStream.java:138)
	at com.birlasoft.testautomation.utils.ExcelObject.<init>(ExcelObject.java:47)
	at com.birlasoft.testautomation.framework.TestScript.getRecordsFromDataSheet(TestScript.java:286)
	at com.birlasoft.testautomation.framework.TestScript.<init>(TestScript.java:65)
	at com.birlasoft.testautomation.framework.TestSuite.<init>(TestSuite.java:38)
	at com.sompo.testautomation.framework.driver.TestDriver.getTestObject(TestDriver.java:82)
	at sun.reflect.NativeMethodAccessorImpl.invoke0(Native Method)
	at sun.reflect.NativeMethodAccessorImpl.invoke(NativeMethodAccessorImpl.java:62)
	at sun.reflect.DelegatingMethodAccessorImpl.invoke(DelegatingMethodAccessorImpl.java:43)
	at java.lang.reflect.Method.invoke(Method.java:498)
	at org.testng.internal.MethodInvocationHelper.invokeMethod(MethodInvocationHelper.java:124)
	at org.testng.internal.MethodInvocationHelper.invokeMethod(MethodInvocationHelper.java:74)
	at org.testng.internal.MethodInvocationHelper.invokeMethodNoCheckedException(MethodInvocationHelper.java:45)
	at org.testng.internal.MethodInvocationHelper.invokeDataProvider(MethodInvocationHelper.java:131)
	at org.testng.internal.Parameters.handleParameters(Parameters.java:706)
	at org.testng.internal.ParameterHandler.handleParameters(ParameterHandler.java:49)
	at org.testng.internal.ParameterHandler.createParameters(ParameterHandler.java:37)
	at org.testng.internal.Invoker.invokeTestMethods(Invoker.java:924)
	at org.testng.internal.TestMethodWorker.invokeTestMethods(TestMethodWorker.java:125)
	at org.testng.internal.TestMethodWorker.run(TestMethodWorker.java:109)
	at org.testng.TestRunner.privateRun(TestRunner.java:648)
	at org.testng.TestRunner.run(TestRunner.java:505)
	at org.testng.SuiteRunner.runTest(SuiteRunner.java:455)
	at org.testng.SuiteRunner.runSequentially(SuiteRunner.java:450)
	at org.testng.SuiteRunner.privateRun(SuiteRunner.java:415)
	at org.testng.SuiteRunner.run(SuiteRunner.java:364)
	at org.testng.SuiteRunnerWorker.runSuite(SuiteRunnerWorker.java:52)
	at org.testng.SuiteRunnerWorker.run(SuiteRunnerWorker.java:84)
	at org.testng.TestNG.runSuitesSequentially(TestNG.java:1208)
	at org.testng.TestNG.runSuitesLocally(TestNG.java:1137)
	at org.testng.TestNG.runSuites(TestNG.java:1049)
	at org.testng.TestNG.run(TestNG.java:1017)
	at org.apache.maven.surefire.testng.TestNGExecutor.run(TestNGExecutor.java:281)
	at org.apache.maven.surefire.testng.TestNGXmlTestSuite.execute(TestNGXmlTestSuite.java:75)
	at org.apache.maven.surefire.testng.TestNGProvider.invoke(TestNGProvider.java:121)
	at org.apache.maven.surefire.booter.ForkedBooter.invokeProviderInSameClassLoader(ForkedBooter.java:290)
	at org.apache.maven.surefire.booter.ForkedBooter.runSuitesInProcess(ForkedBooter.java:242)
	at org.apache.maven.surefire.booter.ForkedBooter.main(ForkedBooter.java:121)
2019-07-11 07:05:47 INFO  TestDriver:101 - All tests get executed
2019-07-11 07:05:47 INFO  TestDriver:103 - Total test cases executed:1
2019-07-11 07:05:47 INFO  TestDriver:104 - Total passed test cases:0
2019-07-11 07:05:47 INFO  TestDriver:105 - Total failed test cases:0
2019-07-11 07:05:47 INFO  TestDriver:106 - 

*********EXECUTION STOPPED**********
2019-07-11 07:08:40 INFO  ObjectRepository:26 - ---INFO--- ======Started populating element collection map======
2019-07-11 07:08:40 INFO  ObjectRepository:26 - ---INFO--- ======Time taken to populate object repository in millis is 213======
2019-07-11 07:08:40 INFO  ObjectRepository:26 - ---INFO--- ======Number of object in Object Map is 49======
2019-07-11 07:08:40 INFO  TestDriver:43 - *********EXECUTION STARTED**********


2019-07-11 07:42:21 INFO  ObjectRepository:26 - ---INFO--- ======Started populating element collection map======
2019-07-11 07:42:21 INFO  ObjectRepository:26 - ---INFO--- ======Time taken to populate object repository in millis is 168======
2019-07-11 07:42:21 INFO  ObjectRepository:26 - ---INFO--- ======Number of object in Object Map is 49======
2019-07-11 07:42:21 INFO  TestDriver:43 - *********EXECUTION STARTED**********


2019-07-11 07:42:22 ERROR TestDriver:93 - Exception java.io.FileNotFoundException caught while fetching test cases from module sheets
java.io.FileNotFoundException: Framework\Test_Data\TC_CreateEvent.xlsx (The system cannot find the file specified)
	at java.io.FileInputStream.open0(Native Method)
	at java.io.FileInputStream.open(FileInputStream.java:195)
	at java.io.FileInputStream.<init>(FileInputStream.java:138)
	at com.birlasoft.testautomation.utils.ExcelObject.<init>(ExcelObject.java:47)
	at com.birlasoft.testautomation.framework.TestScript.getRecordsFromDataSheet(TestScript.java:286)
	at com.birlasoft.testautomation.framework.TestScript.<init>(TestScript.java:65)
	at com.birlasoft.testautomation.framework.TestSuite.<init>(TestSuite.java:36)
	at com.sompo.testautomation.framework.driver.TestDriver.getTestObject(TestDriver.java:82)
	at sun.reflect.NativeMethodAccessorImpl.invoke0(Native Method)
	at sun.reflect.NativeMethodAccessorImpl.invoke(NativeMethodAccessorImpl.java:62)
	at sun.reflect.DelegatingMethodAccessorImpl.invoke(DelegatingMethodAccessorImpl.java:43)
	at java.lang.reflect.Method.invoke(Method.java:498)
	at org.testng.internal.MethodInvocationHelper.invokeMethod(MethodInvocationHelper.java:124)
	at org.testng.internal.MethodInvocationHelper.invokeMethod(MethodInvocationHelper.java:74)
	at org.testng.internal.MethodInvocationHelper.invokeMethodNoCheckedException(MethodInvocationHelper.java:45)
	at org.testng.internal.MethodInvocationHelper.invokeDataProvider(MethodInvocationHelper.java:131)
	at org.testng.internal.Parameters.handleParameters(Parameters.java:706)
	at org.testng.internal.ParameterHandler.handleParameters(ParameterHandler.java:49)
	at org.testng.internal.ParameterHandler.createParameters(ParameterHandler.java:37)
	at org.testng.internal.Invoker.invokeTestMethods(Invoker.java:924)
	at org.testng.internal.TestMethodWorker.invokeTestMethods(TestMethodWorker.java:125)
	at org.testng.internal.TestMethodWorker.run(TestMethodWorker.java:109)
	at org.testng.TestRunner.privateRun(TestRunner.java:648)
	at org.testng.TestRunner.run(TestRunner.java:505)
	at org.testng.SuiteRunner.runTest(SuiteRunner.java:455)
	at org.testng.SuiteRunner.runSequentially(SuiteRunner.java:450)
	at org.testng.SuiteRunner.privateRun(SuiteRunner.java:415)
	at org.testng.SuiteRunner.run(SuiteRunner.java:364)
	at org.testng.SuiteRunnerWorker.runSuite(SuiteRunnerWorker.java:52)
	at org.testng.SuiteRunnerWorker.run(SuiteRunnerWorker.java:84)
	at org.testng.TestNG.runSuitesSequentially(TestNG.java:1208)
	at org.testng.TestNG.runSuitesLocally(TestNG.java:1137)
	at org.testng.TestNG.runSuites(TestNG.java:1049)
	at org.testng.TestNG.run(TestNG.java:1017)
	at org.testng.remote.AbstractRemoteTestNG.run(AbstractRemoteTestNG.java:115)
	at org.testng.remote.RemoteTestNG.initAndRun(RemoteTestNG.java:251)
	at org.testng.remote.RemoteTestNG.main(RemoteTestNG.java:77)
2019-07-11 07:42:23 INFO  TestDriver:101 - All tests get executed
2019-07-11 07:42:23 INFO  TestDriver:103 - Total test cases executed:1
2019-07-11 07:42:23 INFO  TestDriver:104 - Total passed test cases:0
2019-07-11 07:42:23 INFO  TestDriver:105 - Total failed test cases:0
2019-07-11 07:42:23 INFO  TestDriver:106 - 

*********EXECUTION STOPPED**********
2019-07-11 07:42:57 INFO  ObjectRepository:26 - ---INFO--- ======Started populating element collection map======
2019-07-11 07:42:58 INFO  ObjectRepository:26 - ---INFO--- ======Time taken to populate object repository in millis is 242======
2019-07-11 07:42:58 INFO  ObjectRepository:26 - ---INFO--- ======Number of object in Object Map is 49======
2019-07-11 07:42:58 INFO  TestDriver:43 - *********EXECUTION STARTED**********


2019-07-11 07:45:47 INFO  ObjectRepository:26 - ---INFO--- ======Started populating element collection map======
2019-07-11 07:45:48 INFO  ObjectRepository:26 - ---INFO--- ======Time taken to populate object repository in millis is 196======
2019-07-11 07:45:48 INFO  ObjectRepository:26 - ---INFO--- ======Number of object in Object Map is 49======
2019-07-11 07:45:48 INFO  TestDriver:43 - *********EXECUTION STARTED**********


2019-07-11 07:46:37 INFO  ObjectRepository:26 - ---INFO--- ======Started populating element collection map======
2019-07-11 07:46:38 INFO  ObjectRepository:26 - ---INFO--- ======Time taken to populate object repository in millis is 185======
2019-07-11 07:46:38 INFO  ObjectRepository:26 - ---INFO--- ======Number of object in Object Map is 49======
2019-07-11 07:46:38 INFO  TestDriver:43 - *********EXECUTION STARTED**********


2019-07-11 07:46:39 ERROR TestDriver:93 - Exception java.lang.IndexOutOfBoundsException caught while fetching test cases from module sheets
java.lang.IndexOutOfBoundsException: Index: 2, Size: 2
	at java.util.ArrayList.rangeCheck(ArrayList.java:657)
	at java.util.ArrayList.get(ArrayList.java:433)
	at com.birlasoft.testautomation.framework.TestScript.getRecordsFromDataSheet(TestScript.java:330)
	at com.birlasoft.testautomation.framework.TestScript.<init>(TestScript.java:65)
	at com.birlasoft.testautomation.framework.TestSuite.<init>(TestSuite.java:36)
	at com.sompo.testautomation.framework.driver.TestDriver.getTestObject(TestDriver.java:82)
	at sun.reflect.NativeMethodAccessorImpl.invoke0(Native Method)
	at sun.reflect.NativeMethodAccessorImpl.invoke(NativeMethodAccessorImpl.java:62)
	at sun.reflect.DelegatingMethodAccessorImpl.invoke(DelegatingMethodAccessorImpl.java:43)
	at java.lang.reflect.Method.invoke(Method.java:498)
	at org.testng.internal.MethodInvocationHelper.invokeMethod(MethodInvocationHelper.java:124)
	at org.testng.internal.MethodInvocationHelper.invokeMethod(MethodInvocationHelper.java:74)
	at org.testng.internal.MethodInvocationHelper.invokeMethodNoCheckedException(MethodInvocationHelper.java:45)
	at org.testng.internal.MethodInvocationHelper.invokeDataProvider(MethodInvocationHelper.java:131)
	at org.testng.internal.Parameters.handleParameters(Parameters.java:706)
	at org.testng.internal.ParameterHandler.handleParameters(ParameterHandler.java:49)
	at org.testng.internal.ParameterHandler.createParameters(ParameterHandler.java:37)
	at org.testng.internal.Invoker.invokeTestMethods(Invoker.java:924)
	at org.testng.internal.TestMethodWorker.invokeTestMethods(TestMethodWorker.java:125)
	at org.testng.internal.TestMethodWorker.run(TestMethodWorker.java:109)
	at org.testng.TestRunner.privateRun(TestRunner.java:648)
	at org.testng.TestRunner.run(TestRunner.java:505)
	at org.testng.SuiteRunner.runTest(SuiteRunner.java:455)
	at org.testng.SuiteRunner.runSequentially(SuiteRunner.java:450)
	at org.testng.SuiteRunner.privateRun(SuiteRunner.java:415)
	at org.testng.SuiteRunner.run(SuiteRunner.java:364)
	at org.testng.SuiteRunnerWorker.runSuite(SuiteRunnerWorker.java:52)
	at org.testng.SuiteRunnerWorker.run(SuiteRunnerWorker.java:84)
	at org.testng.TestNG.runSuitesSequentially(TestNG.java:1208)
	at org.testng.TestNG.runSuitesLocally(TestNG.java:1137)
	at org.testng.TestNG.runSuites(TestNG.java:1049)
	at org.testng.TestNG.run(TestNG.java:1017)
	at org.testng.remote.AbstractRemoteTestNG.run(AbstractRemoteTestNG.java:115)
	at org.testng.remote.RemoteTestNG.initAndRun(RemoteTestNG.java:251)
	at org.testng.remote.RemoteTestNG.main(RemoteTestNG.java:77)
2019-07-11 07:46:39 INFO  TestDriver:101 - All tests get executed
2019-07-11 07:46:39 INFO  TestDriver:103 - Total test cases executed:1
2019-07-11 07:46:39 INFO  TestDriver:104 - Total passed test cases:0
2019-07-11 07:46:39 INFO  TestDriver:105 - Total failed test cases:0
2019-07-11 07:46:39 INFO  TestDriver:106 - 

*********EXECUTION STOPPED**********
2019-07-11 07:48:16 INFO  ObjectRepository:26 - ---INFO--- ======Started populating element collection map======
2019-07-11 07:48:17 INFO  ObjectRepository:26 - ---INFO--- ======Time taken to populate object repository in millis is 186======
2019-07-11 07:48:17 INFO  ObjectRepository:26 - ---INFO--- ======Number of object in Object Map is 49======
2019-07-11 07:48:17 INFO  TestDriver:43 - *********EXECUTION STARTED**********


2019-07-11 07:48:18 ERROR TestDriver:93 - Exception java.lang.IndexOutOfBoundsException caught while fetching test cases from module sheets
java.lang.IndexOutOfBoundsException: Index: 9, Size: 9
	at java.util.ArrayList.rangeCheck(ArrayList.java:657)
	at java.util.ArrayList.get(ArrayList.java:433)
	at com.birlasoft.testautomation.framework.TestScript.getRecordsFromDataSheet(TestScript.java:330)
	at com.birlasoft.testautomation.framework.TestScript.<init>(TestScript.java:65)
	at com.birlasoft.testautomation.framework.TestSuite.<init>(TestSuite.java:36)
	at com.sompo.testautomation.framework.driver.TestDriver.getTestObject(TestDriver.java:82)
	at sun.reflect.NativeMethodAccessorImpl.invoke0(Native Method)
	at sun.reflect.NativeMethodAccessorImpl.invoke(NativeMethodAccessorImpl.java:62)
	at sun.reflect.DelegatingMethodAccessorImpl.invoke(DelegatingMethodAccessorImpl.java:43)
	at java.lang.reflect.Method.invoke(Method.java:498)
	at org.testng.internal.MethodInvocationHelper.invokeMethod(MethodInvocationHelper.java:124)
	at org.testng.internal.MethodInvocationHelper.invokeMethod(MethodInvocationHelper.java:74)
	at org.testng.internal.MethodInvocationHelper.invokeMethodNoCheckedException(MethodInvocationHelper.java:45)
	at org.testng.internal.MethodInvocationHelper.invokeDataProvider(MethodInvocationHelper.java:131)
	at org.testng.internal.Parameters.handleParameters(Parameters.java:706)
	at org.testng.internal.ParameterHandler.handleParameters(ParameterHandler.java:49)
	at org.testng.internal.ParameterHandler.createParameters(ParameterHandler.java:37)
	at org.testng.internal.Invoker.invokeTestMethods(Invoker.java:924)
	at org.testng.internal.TestMethodWorker.invokeTestMethods(TestMethodWorker.java:125)
	at org.testng.internal.TestMethodWorker.run(TestMethodWorker.java:109)
	at org.testng.TestRunner.privateRun(TestRunner.java:648)
	at org.testng.TestRunner.run(TestRunner.java:505)
	at org.testng.SuiteRunner.runTest(SuiteRunner.java:455)
	at org.testng.SuiteRunner.runSequentially(SuiteRunner.java:450)
	at org.testng.SuiteRunner.privateRun(SuiteRunner.java:415)
	at org.testng.SuiteRunner.run(SuiteRunner.java:364)
	at org.testng.SuiteRunnerWorker.runSuite(SuiteRunnerWorker.java:52)
	at org.testng.SuiteRunnerWorker.run(SuiteRunnerWorker.java:84)
	at org.testng.TestNG.runSuitesSequentially(TestNG.java:1208)
	at org.testng.TestNG.runSuitesLocally(TestNG.java:1137)
	at org.testng.TestNG.runSuites(TestNG.java:1049)
	at org.testng.TestNG.run(TestNG.java:1017)
	at org.testng.remote.AbstractRemoteTestNG.run(AbstractRemoteTestNG.java:115)
	at org.testng.remote.RemoteTestNG.initAndRun(RemoteTestNG.java:251)
	at org.testng.remote.RemoteTestNG.main(RemoteTestNG.java:77)
2019-07-11 07:48:18 INFO  TestDriver:101 - All tests get executed
2019-07-11 07:48:18 INFO  TestDriver:103 - Total test cases executed:1
2019-07-11 07:48:18 INFO  TestDriver:104 - Total passed test cases:0
2019-07-11 07:48:18 INFO  TestDriver:105 - Total failed test cases:0
2019-07-11 07:48:18 INFO  TestDriver:106 - 

*********EXECUTION STOPPED**********
2019-07-11 07:49:03 INFO  ObjectRepository:26 - ---INFO--- ======Started populating element collection map======
2019-07-11 07:49:03 INFO  ObjectRepository:26 - ---INFO--- ======Time taken to populate object repository in millis is 224======
2019-07-11 07:49:03 INFO  ObjectRepository:26 - ---INFO--- ======Number of object in Object Map is 49======
2019-07-11 07:49:04 INFO  TestDriver:43 - *********EXECUTION STARTED**********


2019-07-11 07:55:10 INFO  ObjectRepository:26 - ---INFO--- ======Started populating element collection map======
2019-07-11 07:55:10 INFO  ObjectRepository:26 - ---INFO--- ======Time taken to populate object repository in millis is 162======
2019-07-11 07:55:10 INFO  ObjectRepository:26 - ---INFO--- ======Number of object in Object Map is 49======
2019-07-11 07:55:10 INFO  TestDriver:43 - *********EXECUTION STARTED**********


2019-07-11 07:55:11 INFO  TestScript:26 - ---INFO--- Total number of test scripts to be executed in module ManagePortal are : 1
2019-07-11 07:55:11 INFO  TestDriver:53 - Started execution of module ManagePortal
2019-07-11 07:55:11 INFO  TestDriver:57 - Running test case# 1 out of 1 test cases.
2019-07-11 07:55:11 INFO  TestScript:97 - ---INFO---Strating Test Case : Create Policy
2019-07-11 07:55:11 INFO  TestScript:98 - ---INFO---Test Case Description : Field Validation of Manage Portal
2019-07-11 07:55:22 INFO  TestScript:26 - ---INFO--- Test Create Policy started  @ 07:55:22
2019-07-11 07:55:22 INFO  TestScript:26 - ---INFO--- Total Number of test keywords in test 'Create Policy' = 4
2019-07-11 07:55:31 INFO  TestActions:108 - ---INFO---Step No. Step 1 : Description : Successfully Launched GRS Portal Application
2019-07-11 07:55:31 INFO  TestActions:127 - ---PASS---Step No. Step 1 : Expected Result is :  and Actual Result is : Successfully Logged in into GRS Application with User content-manager@sompo-intl.com
2019-07-11 07:55:41 INFO  TestActions:108 - ---INFO---Step No. Step 2 : Description : Successfully Clicked on Add Policy Button
2019-07-11 07:55:41 INFO  TestActions:108 - ---INFO---Step No. Step 2 : Description : Successfully Selected Policy holder as Cube Smart
2019-07-11 07:55:41 INFO  TestActions:108 - ---INFO---Step No. Step 2 : Description : Successfully Selected Starting Policy as GGR10013093100
2019-07-11 07:55:41 INFO  TestActions:108 - ---INFO---Step No. Step 2 : Description : Successfully Entered Policy Number as AUT38064
2019-07-11 07:55:41 INFO  TestActions:108 - ---INFO---Step No. Step 2 : Description : Successfully Selected Product Name as Cyber
2019-07-11 07:55:41 INFO  TestActions:108 - ---INFO---Step No. Step 2 : Description : Successfully Entered Effective Date as 5/8/2019
2019-07-11 07:55:41 INFO  TestActions:108 - ---INFO---Step No. Step 2 : Description : Successfully Entered Expiration Date as 5/8/2020
2019-07-11 07:55:41 INFO  TestActions:108 - ---INFO---Step No. Step 2 : Description : Successfully Clicked Save Button
2019-07-11 07:55:41 INFO  TestActions:127 - ---PASS---Step No. Step 2 : Expected Result is :  and Actual Result is : Successfully created the Policy with policy number as AUT38064
2019-07-11 07:56:15 ERROR UIUtils:474 - TimeoutException
org.openqa.selenium.TimeoutException: Expected condition failed: waiting for com.birlasoft.testautomation.utils.UIUtils$3@134f8ef6 (tried for 0 second(s) with 500 milliseconds interval)
	at org.openqa.selenium.support.ui.FluentWait.timeoutException(FluentWait.java:304)
	at org.openqa.selenium.support.ui.FluentWait.until(FluentWait.java:272)
	at com.birlasoft.testautomation.utils.UIUtils.waitUntilElementExists(UIUtils.java:466)
	at com.birlasoft.testautomation.utils.UIUtils.findElement(UIUtils.java:251)
	at com.birlasoft.testautomation.framework.TestActions.verifyPolicyNumber(TestActions.java:335)
	at sun.reflect.NativeMethodAccessorImpl.invoke0(Native Method)
	at sun.reflect.NativeMethodAccessorImpl.invoke(NativeMethodAccessorImpl.java:62)
	at sun.reflect.DelegatingMethodAccessorImpl.invoke(DelegatingMethodAccessorImpl.java:43)
	at java.lang.reflect.Method.invoke(Method.java:498)
	at com.birlasoft.testautomation.framework.TestStep.executeStep(TestStep.java:152)
	at com.birlasoft.testautomation.framework.TestScript.execute(TestScript.java:197)
	at com.sompo.testautomation.framework.driver.TestDriver.newTest(TestDriver.java:59)
	at sun.reflect.NativeMethodAccessorImpl.invoke0(Native Method)
	at sun.reflect.NativeMethodAccessorImpl.invoke(NativeMethodAccessorImpl.java:62)
	at sun.reflect.DelegatingMethodAccessorImpl.invoke(DelegatingMethodAccessorImpl.java:43)
	at java.lang.reflect.Method.invoke(Method.java:498)
	at org.testng.internal.MethodInvocationHelper.invokeMethod(MethodInvocationHelper.java:124)
	at org.testng.internal.Invoker.invokeMethod(Invoker.java:583)
	at org.testng.internal.Invoker.invokeTestMethod(Invoker.java:719)
	at org.testng.internal.Invoker.invokeTestMethods(Invoker.java:989)
	at org.testng.internal.TestMethodWorker.invokeTestMethods(TestMethodWorker.java:125)
	at org.testng.internal.TestMethodWorker.run(TestMethodWorker.java:109)
	at org.testng.TestRunner.privateRun(TestRunner.java:648)
	at org.testng.TestRunner.run(TestRunner.java:505)
	at org.testng.SuiteRunner.runTest(SuiteRunner.java:455)
	at org.testng.SuiteRunner.runSequentially(SuiteRunner.java:450)
	at org.testng.SuiteRunner.privateRun(SuiteRunner.java:415)
	at org.testng.SuiteRunner.run(SuiteRunner.java:364)
	at org.testng.SuiteRunnerWorker.runSuite(SuiteRunnerWorker.java:52)
	at org.testng.SuiteRunnerWorker.run(SuiteRunnerWorker.java:84)
	at org.testng.TestNG.runSuitesSequentially(TestNG.java:1208)
	at org.testng.TestNG.runSuitesLocally(TestNG.java:1137)
	at org.testng.TestNG.runSuites(TestNG.java:1049)
	at org.testng.TestNG.run(TestNG.java:1017)
	at org.testng.remote.AbstractRemoteTestNG.run(AbstractRemoteTestNG.java:115)
	at org.testng.remote.RemoteTestNG.initAndRun(RemoteTestNG.java:251)
	at org.testng.remote.RemoteTestNG.main(RemoteTestNG.java:77)
Caused by: org.openqa.selenium.NoSuchElementException: no such element: Unable to locate element: {"method":"xpath","selector":"//div[contains(@id,'PolicyPortlet_policyGrid')]//following::div[@class='ag-body-container']//div[@row-index='1']/div[@col-id='policyNumber']/a"}
  (Session info: chrome=75.0.3770.100)
  (Driver info: chromedriver=74.0.3729.6 (255758eccf3d244491b8a1317aa76e1ce10d57e9-refs/branch-heads/3729@{#29}),platform=Windows NT 10.0.16299 x86_64) (WARNING: The server did not provide any stacktrace information)
Command duration or timeout: 0 milliseconds
For documentation on this error, please visit: https://www.seleniumhq.org/exceptions/no_such_element.html
Build info: version: '3.141.59', revision: 'e82be7d358', time: '2018-11-14T08:17:03'
System info: host: 'WP1-WSYSDEV230', ip: '10.125.20.57', os.name: 'Windows 10', os.arch: 'amd64', os.version: '10.0', java.version: '1.8.0_212'
Driver info: org.openqa.selenium.chrome.ChromeDriver
Capabilities {acceptInsecureCerts: false, acceptSslCerts: false, applicationCacheEnabled: false, browserConnectionEnabled: false, browserName: chrome, chrome: {chromedriverVersion: 74.0.3729.6 (255758eccf3d24..., userDataDir: C:\Users\nsharma\AppData\Lo...}, cssSelectorsEnabled: true, databaseEnabled: false, goog:chromeOptions: {debuggerAddress: localhost:63531}, handlesAlerts: true, hasTouchScreen: false, javascriptEnabled: true, locationContextEnabled: true, mobileEmulationEnabled: false, nativeEvents: true, networkConnectionEnabled: false, pageLoadStrategy: normal, platform: XP, platformName: XP, proxy: Proxy(), rotatable: false, setWindowRect: true, strictFileInteractability: false, takesHeapSnapshot: true, takesScreenshot: true, timeouts: {implicit: 0, pageLoad: 300000, script: 30000}, unexpectedAlertBehaviour: ignore, unhandledPromptBehavior: ignore, version: 75.0.3770.100, webStorageEnabled: true}
Session ID: 3a98ca94149c50cb008b5d8b8b18eb14
*** Element info: {Using=xpath, value=//div[contains(@id,'PolicyPortlet_policyGrid')]//following::div[@class='ag-body-container']//div[@row-index='1']/div[@col-id='policyNumber']/a}
	at sun.reflect.NativeConstructorAccessorImpl.newInstance0(Native Method)
	at sun.reflect.NativeConstructorAccessorImpl.newInstance(NativeConstructorAccessorImpl.java:62)
	at sun.reflect.DelegatingConstructorAccessorImpl.newInstance(DelegatingConstructorAccessorImpl.java:45)
	at java.lang.reflect.Constructor.newInstance(Constructor.java:423)
	at org.openqa.selenium.remote.ErrorHandler.createThrowable(ErrorHandler.java:214)
	at org.openqa.selenium.remote.ErrorHandler.throwIfResponseFailed(ErrorHandler.java:166)
	at org.openqa.selenium.remote.http.JsonHttpResponseCodec.reconstructValue(JsonHttpResponseCodec.java:40)
	at org.openqa.selenium.remote.http.AbstractHttpResponseCodec.decode(AbstractHttpResponseCodec.java:80)
	at org.openqa.selenium.remote.http.AbstractHttpResponseCodec.decode(AbstractHttpResponseCodec.java:44)
	at org.openqa.selenium.remote.HttpCommandExecutor.execute(HttpCommandExecutor.java:158)
	at org.openqa.selenium.remote.service.DriverCommandExecutor.execute(DriverCommandExecutor.java:83)
	at org.openqa.selenium.remote.RemoteWebDriver.execute(RemoteWebDriver.java:552)
	at org.openqa.selenium.remote.RemoteWebDriver.findElement(RemoteWebDriver.java:323)
	at org.openqa.selenium.remote.RemoteWebDriver.findElementByXPath(RemoteWebDriver.java:428)
	at org.openqa.selenium.By$ByXPath.findElement(By.java:353)
	at org.openqa.selenium.remote.RemoteWebDriver.findElement(RemoteWebDriver.java:315)
	at com.birlasoft.testautomation.utils.UIUtils$3.apply(UIUtils.java:469)
	at com.birlasoft.testautomation.utils.UIUtils$3.apply(UIUtils.java:1)
	at org.openqa.selenium.support.ui.FluentWait.until(FluentWait.java:249)
	... 35 more
2019-07-11 07:56:45 INFO  TestActions:108 - ---INFO---Step No. Step 3 : Description : Successfully Clicked on Filter Policy Number Button
2019-07-11 07:56:45 INFO  TestActions:108 - ---INFO---Step No. Step 3 : Description : Successfully Entered Policy Number as AUT111
2019-07-11 07:56:45 INFO  TestActions:108 - ---INFO---Step No. Step 3 : Description : Successfully Clicked on Apply Filter Button
2019-07-11 07:56:45 INFO  TestActions:108 - ---INFO---Step No. Step 3 : Description : Successfully Clicked on Expand Button
2019-07-11 07:56:45 INFO  TestActions:127 - ---PASS---Step No. Step 3 : Expected Result is :  and Actual Result is : Successfully Verified Policy Number on GRS Home Screen
2019-07-11 07:56:49 INFO  TestActions:127 - ---PASS---Step No. Step 4 : Expected Result is :  and Actual Result is : Successfully Logged Out from  GRS Application
2019-07-11 07:56:49 INFO  TestActions:26 - ---INFO--- Test Case Create Policy Passed
2019-07-11 07:56:49 INFO  TestActions:26 - ---INFO--- Test Create Policy ended  @ 07:56:49
2019-07-11 07:56:49 INFO  TestActions:103 - ---INFO---Test Case : Create Policy finished
2019-07-11 07:56:49 INFO  TestDriver:101 - All tests get executed
2019-07-11 07:56:49 INFO  TestDriver:103 - Total test cases executed:1
2019-07-11 07:56:49 INFO  TestDriver:104 - Total passed test cases:1
2019-07-11 07:56:49 INFO  TestDriver:105 - Total failed test cases:0
2019-07-11 07:56:49 INFO  TestDriver:106 - 

*********EXECUTION STOPPED**********
